  CObject.cpp
c:\users\gray\documents\github\quantum-bot\quantum bot\utils.h(28): warning C4312: 'conversão de tipo': conversão de 'DWORD' para 'int *' de tamanho maior
c:\users\gray\documents\github\quantum-bot\quantum bot\utils.h(29): warning C4312: 'conversão de tipo': conversão de 'DWORD' para 'DWORD *' de tamanho maior
c:\users\gray\documents\github\quantum-bot\quantum bot\utils.h(29): warning C4312: 'conversão de tipo': conversão de 'DWORD' para 'char *' de tamanho maior
c:\users\gray\documents\github\quantum-bot\quantum bot\utils.h(31): warning C4312: 'conversão de tipo': conversão de 'DWORD' para 'char *' de tamanho maior
c:\users\gray\documents\github\quantum-bot\quantum bot\cobject.h(23): warning C4311: 'conversão de tipo': truncamento de ponteiro de 'CObject *' para 'DWORD'
c:\users\gray\documents\github\quantum-bot\quantum bot\cobject.h(23): warning C4302: 'conversão de tipo': truncamento de 'CObject *' para 'DWORD'
c:\users\gray\documents\github\quantum-bot\quantum bot\cobject.h(23): warning C4312: 'conversão de tipo': conversão de 'DWORD' para 'short *' de tamanho maior
c:\users\gray\documents\github\quantum-bot\quantum bot\cobject.h(27): warning C4311: 'conversão de tipo': truncamento de ponteiro de 'CObject *' para 'DWORD'
c:\users\gray\documents\github\quantum-bot\quantum bot\cobject.h(27): warning C4302: 'conversão de tipo': truncamento de 'CObject *' para 'DWORD'
c:\users\gray\documents\github\quantum-bot\quantum bot\cobject.h(27): warning C4312: 'conversão de tipo': conversão de 'DWORD' para 'short *' de tamanho maior
c:\users\gray\documents\github\quantum-bot\quantum bot\cobject.h(31): warning C4311: 'conversão de tipo': truncamento de ponteiro de 'CObject *' para 'DWORD'
c:\users\gray\documents\github\quantum-bot\quantum bot\cobject.h(31): warning C4302: 'conversão de tipo': truncamento de 'CObject *' para 'DWORD'
c:\users\gray\documents\github\quantum-bot\quantum bot\cobject.h(31): warning C4312: 'conversão de tipo': conversão de 'DWORD' para 'short *' de tamanho maior
c:\users\gray\documents\github\quantum-bot\quantum bot\cobject.h(35): warning C4311: 'conversão de tipo': truncamento de ponteiro de 'CObject *' para 'DWORD'
c:\users\gray\documents\github\quantum-bot\quantum bot\cobject.h(35): warning C4302: 'conversão de tipo': truncamento de 'CObject *' para 'DWORD'
c:\users\gray\documents\github\quantum-bot\quantum bot\cobject.h(35): warning C4312: 'conversão de tipo': conversão de 'DWORD' para 'DWORD *' de tamanho maior
c:\users\gray\documents\github\quantum-bot\quantum bot\cobject.h(39): warning C4311: 'conversão de tipo': truncamento de ponteiro de 'CObject *' para 'DWORD'
c:\users\gray\documents\github\quantum-bot\quantum bot\cobject.h(39): warning C4302: 'conversão de tipo': truncamento de 'CObject *' para 'DWORD'
c:\users\gray\documents\github\quantum-bot\quantum bot\cobject.h(39): warning C4312: 'conversão de tipo': conversão de 'DWORD' para 'Vector *' de tamanho maior
c:\users\gray\documents\github\quantum-bot\quantum bot\cobject.h(43): warning C4311: 'conversão de tipo': truncamento de ponteiro de 'CObject *' para 'DWORD'
c:\users\gray\documents\github\quantum-bot\quantum bot\cobject.h(43): warning C4302: 'conversão de tipo': truncamento de 'CObject *' para 'DWORD'
c:\users\gray\documents\github\quantum-bot\quantum bot\cobject.h(43): warning C4312: 'conversão de tipo': conversão de 'DWORD' para 'int *' de tamanho maior
c:\users\gray\documents\github\quantum-bot\quantum bot\cobject.h(47): warning C4311: 'conversão de tipo': truncamento de ponteiro de 'CObject *' para 'DWORD'
c:\users\gray\documents\github\quantum-bot\quantum bot\cobject.h(47): warning C4302: 'conversão de tipo': truncamento de 'CObject *' para 'DWORD'
c:\users\gray\documents\github\quantum-bot\quantum bot\cobject.h(47): warning C4312: 'conversão de tipo': conversão de 'DWORD' para 'float *' de tamanho maior
c:\users\gray\documents\github\quantum-bot\quantum bot\cobject.h(52): warning C4311: 'conversão de tipo': truncamento de ponteiro de 'CObject *' para 'DWORD'
c:\users\gray\documents\github\quantum-bot\quantum bot\cobject.h(52): warning C4302: 'conversão de tipo': truncamento de 'CObject *' para 'DWORD'
c:\users\gray\documents\github\quantum-bot\quantum bot\cobject.h(52): warning C4312: 'conversão de tipo': conversão de 'DWORD' para 'float *' de tamanho maior
c:\users\gray\documents\github\quantum-bot\quantum bot\cobject.h(56): warning C4311: 'conversão de tipo': truncamento de ponteiro de 'CObject *' para 'DWORD'
c:\users\gray\documents\github\quantum-bot\quantum bot\cobject.h(56): warning C4302: 'conversão de tipo': truncamento de 'CObject *' para 'DWORD'
c:\users\gray\documents\github\quantum-bot\quantum bot\cobject.h(56): warning C4312: 'conversão de tipo': conversão de 'DWORD' para 'float *' de tamanho maior
c:\users\gray\documents\github\quantum-bot\quantum bot\cobject.h(64): warning C4311: 'conversão de tipo': truncamento de ponteiro de 'CObject *' para 'DWORD'
c:\users\gray\documents\github\quantum-bot\quantum bot\cobject.h(64): warning C4302: 'conversão de tipo': truncamento de 'CObject *' para 'DWORD'
c:\users\gray\documents\github\quantum-bot\quantum bot\cobject.h(64): warning C4312: 'conversão de tipo': conversão de 'DWORD' para 'float *' de tamanho maior
c:\users\gray\documents\github\quantum-bot\quantum bot\cobject.h(68): warning C4311: 'conversão de tipo': truncamento de ponteiro de 'CObject *' para 'DWORD'
c:\users\gray\documents\github\quantum-bot\quantum bot\cobject.h(68): warning C4302: 'conversão de tipo': truncamento de 'CObject *' para 'DWORD'
c:\users\gray\documents\github\quantum-bot\quantum bot\cobject.h(68): warning C4312: 'conversão de tipo': conversão de 'DWORD' para 'float *' de tamanho maior
c:\users\gray\documents\github\quantum-bot\quantum bot\cobject.h(72): warning C4311: 'conversão de tipo': truncamento de ponteiro de 'CObject *' para 'DWORD'
c:\users\gray\documents\github\quantum-bot\quantum bot\cobject.h(72): warning C4302: 'conversão de tipo': truncamento de 'CObject *' para 'DWORD'
c:\users\gray\documents\github\quantum-bot\quantum bot\cobject.h(72): warning C4312: 'conversão de tipo': conversão de 'DWORD' para 'float *' de tamanho maior
c:\users\gray\documents\github\quantum-bot\quantum bot\cobject.h(76): warning C4311: 'conversão de tipo': truncamento de ponteiro de 'CObject *' para 'DWORD'
c:\users\gray\documents\github\quantum-bot\quantum bot\cobject.h(76): warning C4302: 'conversão de tipo': truncamento de 'CObject *' para 'DWORD'
c:\users\gray\documents\github\quantum-bot\quantum bot\cobject.h(76): warning C4312: 'conversão de tipo': conversão de 'DWORD' para 'bool *' de tamanho maior
c:\users\gray\documents\github\quantum-bot\quantum bot\cobject.h(96): warning C4311: 'conversão de tipo': truncamento de ponteiro de 'CObject *' para 'DWORD'
c:\users\gray\documents\github\quantum-bot\quantum bot\cobject.h(96): warning C4302: 'conversão de tipo': truncamento de 'CObject *' para 'DWORD'
c:\users\gray\documents\github\quantum-bot\quantum bot\cobject.h(100): warning C4311: 'conversão de tipo': truncamento de ponteiro de 'CObject *' para 'DWORD'
c:\users\gray\documents\github\quantum-bot\quantum bot\cobject.h(100): warning C4302: 'conversão de tipo': truncamento de 'CObject *' para 'DWORD'
c:\users\gray\documents\github\quantum-bot\quantum bot\cobject.h(104): warning C4311: 'conversão de tipo': truncamento de ponteiro de 'CObject *' para 'DWORD'
c:\users\gray\documents\github\quantum-bot\quantum bot\cobject.h(104): warning C4302: 'conversão de tipo': truncamento de 'CObject *' para 'DWORD'
c:\users\gray\documents\github\quantum-bot\quantum bot\cobject.h(104): warning C4312: 'conversão de tipo': conversão de 'DWORD' para 'int *' de tamanho maior
c:\users\gray\documents\github\quantum-bot\quantum bot\engine.h(13): warning C4311: 'conversão de tipo': truncamento de ponteiro de 'HMODULE' para 'DWORD'
c:\users\gray\documents\github\quantum-bot\quantum bot\engine.h(13): warning C4302: 'conversão de tipo': truncamento de 'HMODULE' para 'DWORD'
c:\users\gray\documents\github\quantum-bot\quantum bot\engine.h(14): warning C4312: 'conversão de tipo': conversão de 'DWORD' para 'DWORD *' de tamanho maior
c:\users\gray\documents\github\quantum-bot\quantum bot\engine.h(16): warning C4312: 'conversão de tipo': conversão de 'DWORD' para 'DWORD *' de tamanho maior
c:\users\gray\documents\github\quantum-bot\quantum bot\engine.h(19): warning C4312: 'conversão de tipo': conversão de 'DWORD' para 'float *' de tamanho maior
c:\users\gray\documents\github\quantum-bot\quantum bot\engine.h(20): warning C4312: 'conversão de tipo': conversão de 'DWORD' para 'float *' de tamanho maior
c:\users\gray\documents\github\quantum-bot\quantum bot\engine.h(21): warning C4312: 'conversão de tipo': conversão de 'DWORD' para 'float *' de tamanho maior
c:\users\gray\documents\github\quantum-bot\quantum bot\engine.h(27): warning C4311: 'conversão de tipo': truncamento de ponteiro de 'HMODULE' para 'DWORD'
c:\users\gray\documents\github\quantum-bot\quantum bot\engine.h(27): warning C4302: 'conversão de tipo': truncamento de 'HMODULE' para 'DWORD'
c:\users\gray\documents\github\quantum-bot\quantum bot\engine.h(27): warning C4312: 'conversão de tipo': conversão de 'DWORD' para 'char *' de tamanho maior
c:\users\gray\documents\github\quantum-bot\quantum bot\engine.h(31): warning C4311: 'conversão de tipo': truncamento de ponteiro de 'HMODULE' para 'DWORD'
c:\users\gray\documents\github\quantum-bot\quantum bot\engine.h(31): warning C4302: 'conversão de tipo': truncamento de 'HMODULE' para 'DWORD'
c:\users\gray\documents\github\quantum-bot\quantum bot\engine.h(31): warning C4312: 'conversão de tipo': conversão de 'DWORD' para 'float *' de tamanho maior
c:\users\gray\documents\github\quantum-bot\quantum bot\engine.h(35): warning C4311: 'conversão de tipo': truncamento de ponteiro de 'HMODULE' para 'DWORD'
c:\users\gray\documents\github\quantum-bot\quantum bot\engine.h(35): warning C4302: 'conversão de tipo': truncamento de 'HMODULE' para 'DWORD'
c:\users\gray\documents\github\quantum-bot\quantum bot\engine.h(35): warning C4312: 'conversão de tipo': conversão de 'DWORD' para 'DWORD *' de tamanho maior
c:\users\gray\documents\github\quantum-bot\quantum bot\engine.h(39): warning C4312: 'conversão de tipo': conversão de 'DWORD' para 'CObject *' de tamanho maior
c:\users\gray\documents\github\quantum-bot\quantum bot\utils.h(24): warning C4312: 'conversão de tipo': conversão de 'DWORD' para 'Function' de tamanho maior
          with
          [
              Function=OriginalFn
          ]
  c:\users\gray\documents\github\quantum-bot\quantum bot\cobject.h(81): note: consulte a referência à instanciação da função modelo 'Function CallVirtual<OriginalFn>(PVOID,DWORD)' que está sendo compilada
          with
          [
              Function=OriginalFn
          ]
  guicon.cpp
c:\users\gray\documents\github\quantum-bot\quantum bot\guicon.cpp(27): warning C4838: a conversão de 'int' em 'SHORT' requer uma conversão de restrição
c:\users\gray\documents\github\quantum-bot\quantum bot\guicon.cpp(30): warning C4996: 'fopen': This function or variable may be unsafe. Consider using fopen_s instead. To disable deprecation, use _CRT_SECURE_NO_WARNINGS. See online help for details.
  c:\program files (x86)\windows kits\10\include\10.0.17763.0\ucrt\stdio.h(208): note: consulte a declaração de 'fopen'
c:\users\gray\documents\github\quantum-bot\quantum bot\guicon.cpp(43): warning C4267: 'argumento': conversão de 'size_t' para 'DWORD', possível perda de dados
c:\users\gray\documents\github\quantum-bot\quantum bot\guicon.cpp(39): warning C4996: 'vsprintf': This function or variable may be unsafe. Consider using vsprintf_s instead. To disable deprecation, use _CRT_SECURE_NO_WARNINGS. See online help for details.
  c:\program files (x86)\windows kits\10\include\10.0.17763.0\ucrt\stdio.h(1469): note: consulte a declaração de 'vsprintf'
  LoL base.cpp
  stdafx.cpp
  Gerando Código...
  dllmain.cpp
c:\users\gray\documents\github\quantum-bot\quantum bot\utils.h(28): warning C4312: 'conversão de tipo': conversão de 'DWORD' para 'int *' de tamanho maior
c:\users\gray\documents\github\quantum-bot\quantum bot\utils.h(29): warning C4312: 'conversão de tipo': conversão de 'DWORD' para 'DWORD *' de tamanho maior
c:\users\gray\documents\github\quantum-bot\quantum bot\utils.h(29): warning C4312: 'conversão de tipo': conversão de 'DWORD' para 'char *' de tamanho maior
c:\users\gray\documents\github\quantum-bot\quantum bot\utils.h(31): warning C4312: 'conversão de tipo': conversão de 'DWORD' para 'char *' de tamanho maior
c:\users\gray\documents\github\quantum-bot\quantum bot\cobject.h(23): warning C4311: 'conversão de tipo': truncamento de ponteiro de 'CObject *' para 'DWORD'
c:\users\gray\documents\github\quantum-bot\quantum bot\cobject.h(23): warning C4302: 'conversão de tipo': truncamento de 'CObject *' para 'DWORD'
c:\users\gray\documents\github\quantum-bot\quantum bot\cobject.h(23): warning C4312: 'conversão de tipo': conversão de 'DWORD' para 'short *' de tamanho maior
c:\users\gray\documents\github\quantum-bot\quantum bot\cobject.h(27): warning C4311: 'conversão de tipo': truncamento de ponteiro de 'CObject *' para 'DWORD'
c:\users\gray\documents\github\quantum-bot\quantum bot\cobject.h(27): warning C4302: 'conversão de tipo': truncamento de 'CObject *' para 'DWORD'
c:\users\gray\documents\github\quantum-bot\quantum bot\cobject.h(27): warning C4312: 'conversão de tipo': conversão de 'DWORD' para 'short *' de tamanho maior
c:\users\gray\documents\github\quantum-bot\quantum bot\cobject.h(31): warning C4311: 'conversão de tipo': truncamento de ponteiro de 'CObject *' para 'DWORD'
c:\users\gray\documents\github\quantum-bot\quantum bot\cobject.h(31): warning C4302: 'conversão de tipo': truncamento de 'CObject *' para 'DWORD'
c:\users\gray\documents\github\quantum-bot\quantum bot\cobject.h(31): warning C4312: 'conversão de tipo': conversão de 'DWORD' para 'short *' de tamanho maior
c:\users\gray\documents\github\quantum-bot\quantum bot\cobject.h(35): warning C4311: 'conversão de tipo': truncamento de ponteiro de 'CObject *' para 'DWORD'
c:\users\gray\documents\github\quantum-bot\quantum bot\cobject.h(35): warning C4302: 'conversão de tipo': truncamento de 'CObject *' para 'DWORD'
c:\users\gray\documents\github\quantum-bot\quantum bot\cobject.h(35): warning C4312: 'conversão de tipo': conversão de 'DWORD' para 'DWORD *' de tamanho maior
c:\users\gray\documents\github\quantum-bot\quantum bot\cobject.h(39): warning C4311: 'conversão de tipo': truncamento de ponteiro de 'CObject *' para 'DWORD'
c:\users\gray\documents\github\quantum-bot\quantum bot\cobject.h(39): warning C4302: 'conversão de tipo': truncamento de 'CObject *' para 'DWORD'
c:\users\gray\documents\github\quantum-bot\quantum bot\cobject.h(39): warning C4312: 'conversão de tipo': conversão de 'DWORD' para 'Vector *' de tamanho maior
c:\users\gray\documents\github\quantum-bot\quantum bot\cobject.h(43): warning C4311: 'conversão de tipo': truncamento de ponteiro de 'CObject *' para 'DWORD'
c:\users\gray\documents\github\quantum-bot\quantum bot\cobject.h(43): warning C4302: 'conversão de tipo': truncamento de 'CObject *' para 'DWORD'
c:\users\gray\documents\github\quantum-bot\quantum bot\cobject.h(43): warning C4312: 'conversão de tipo': conversão de 'DWORD' para 'int *' de tamanho maior
c:\users\gray\documents\github\quantum-bot\quantum bot\cobject.h(47): warning C4311: 'conversão de tipo': truncamento de ponteiro de 'CObject *' para 'DWORD'
c:\users\gray\documents\github\quantum-bot\quantum bot\cobject.h(47): warning C4302: 'conversão de tipo': truncamento de 'CObject *' para 'DWORD'
c:\users\gray\documents\github\quantum-bot\quantum bot\cobject.h(47): warning C4312: 'conversão de tipo': conversão de 'DWORD' para 'float *' de tamanho maior
c:\users\gray\documents\github\quantum-bot\quantum bot\cobject.h(52): warning C4311: 'conversão de tipo': truncamento de ponteiro de 'CObject *' para 'DWORD'
c:\users\gray\documents\github\quantum-bot\quantum bot\cobject.h(52): warning C4302: 'conversão de tipo': truncamento de 'CObject *' para 'DWORD'
c:\users\gray\documents\github\quantum-bot\quantum bot\cobject.h(52): warning C4312: 'conversão de tipo': conversão de 'DWORD' para 'float *' de tamanho maior
c:\users\gray\documents\github\quantum-bot\quantum bot\cobject.h(56): warning C4311: 'conversão de tipo': truncamento de ponteiro de 'CObject *' para 'DWORD'
c:\users\gray\documents\github\quantum-bot\quantum bot\cobject.h(56): warning C4302: 'conversão de tipo': truncamento de 'CObject *' para 'DWORD'
c:\users\gray\documents\github\quantum-bot\quantum bot\cobject.h(56): warning C4312: 'conversão de tipo': conversão de 'DWORD' para 'float *' de tamanho maior
c:\users\gray\documents\github\quantum-bot\quantum bot\cobject.h(64): warning C4311: 'conversão de tipo': truncamento de ponteiro de 'CObject *' para 'DWORD'
c:\users\gray\documents\github\quantum-bot\quantum bot\cobject.h(64): warning C4302: 'conversão de tipo': truncamento de 'CObject *' para 'DWORD'
c:\users\gray\documents\github\quantum-bot\quantum bot\cobject.h(64): warning C4312: 'conversão de tipo': conversão de 'DWORD' para 'float *' de tamanho maior
c:\users\gray\documents\github\quantum-bot\quantum bot\cobject.h(68): warning C4311: 'conversão de tipo': truncamento de ponteiro de 'CObject *' para 'DWORD'
c:\users\gray\documents\github\quantum-bot\quantum bot\cobject.h(68): warning C4302: 'conversão de tipo': truncamento de 'CObject *' para 'DWORD'
c:\users\gray\documents\github\quantum-bot\quantum bot\cobject.h(68): warning C4312: 'conversão de tipo': conversão de 'DWORD' para 'float *' de tamanho maior
c:\users\gray\documents\github\quantum-bot\quantum bot\cobject.h(72): warning C4311: 'conversão de tipo': truncamento de ponteiro de 'CObject *' para 'DWORD'
c:\users\gray\documents\github\quantum-bot\quantum bot\cobject.h(72): warning C4302: 'conversão de tipo': truncamento de 'CObject *' para 'DWORD'
c:\users\gray\documents\github\quantum-bot\quantum bot\cobject.h(72): warning C4312: 'conversão de tipo': conversão de 'DWORD' para 'float *' de tamanho maior
c:\users\gray\documents\github\quantum-bot\quantum bot\cobject.h(76): warning C4311: 'conversão de tipo': truncamento de ponteiro de 'CObject *' para 'DWORD'
c:\users\gray\documents\github\quantum-bot\quantum bot\cobject.h(76): warning C4302: 'conversão de tipo': truncamento de 'CObject *' para 'DWORD'
c:\users\gray\documents\github\quantum-bot\quantum bot\cobject.h(76): warning C4312: 'conversão de tipo': conversão de 'DWORD' para 'bool *' de tamanho maior
c:\users\gray\documents\github\quantum-bot\quantum bot\cobject.h(96): warning C4311: 'conversão de tipo': truncamento de ponteiro de 'CObject *' para 'DWORD'
c:\users\gray\documents\github\quantum-bot\quantum bot\cobject.h(96): warning C4302: 'conversão de tipo': truncamento de 'CObject *' para 'DWORD'
c:\users\gray\documents\github\quantum-bot\quantum bot\cobject.h(100): warning C4311: 'conversão de tipo': truncamento de ponteiro de 'CObject *' para 'DWORD'
c:\users\gray\documents\github\quantum-bot\quantum bot\cobject.h(100): warning C4302: 'conversão de tipo': truncamento de 'CObject *' para 'DWORD'
c:\users\gray\documents\github\quantum-bot\quantum bot\cobject.h(104): warning C4311: 'conversão de tipo': truncamento de ponteiro de 'CObject *' para 'DWORD'
c:\users\gray\documents\github\quantum-bot\quantum bot\cobject.h(104): warning C4302: 'conversão de tipo': truncamento de 'CObject *' para 'DWORD'
c:\users\gray\documents\github\quantum-bot\quantum bot\cobject.h(104): warning C4312: 'conversão de tipo': conversão de 'DWORD' para 'int *' de tamanho maior
c:\users\gray\documents\github\quantum-bot\quantum bot\engine.h(13): warning C4311: 'conversão de tipo': truncamento de ponteiro de 'HMODULE' para 'DWORD'
c:\users\gray\documents\github\quantum-bot\quantum bot\engine.h(13): warning C4302: 'conversão de tipo': truncamento de 'HMODULE' para 'DWORD'
c:\users\gray\documents\github\quantum-bot\quantum bot\engine.h(14): warning C4312: 'conversão de tipo': conversão de 'DWORD' para 'DWORD *' de tamanho maior
c:\users\gray\documents\github\quantum-bot\quantum bot\engine.h(16): warning C4312: 'conversão de tipo': conversão de 'DWORD' para 'DWORD *' de tamanho maior
c:\users\gray\documents\github\quantum-bot\quantum bot\engine.h(19): warning C4312: 'conversão de tipo': conversão de 'DWORD' para 'float *' de tamanho maior
c:\users\gray\documents\github\quantum-bot\quantum bot\engine.h(20): warning C4312: 'conversão de tipo': conversão de 'DWORD' para 'float *' de tamanho maior
c:\users\gray\documents\github\quantum-bot\quantum bot\engine.h(21): warning C4312: 'conversão de tipo': conversão de 'DWORD' para 'float *' de tamanho maior
c:\users\gray\documents\github\quantum-bot\quantum bot\engine.h(27): warning C4311: 'conversão de tipo': truncamento de ponteiro de 'HMODULE' para 'DWORD'
c:\users\gray\documents\github\quantum-bot\quantum bot\engine.h(27): warning C4302: 'conversão de tipo': truncamento de 'HMODULE' para 'DWORD'
c:\users\gray\documents\github\quantum-bot\quantum bot\engine.h(27): warning C4312: 'conversão de tipo': conversão de 'DWORD' para 'char *' de tamanho maior
c:\users\gray\documents\github\quantum-bot\quantum bot\engine.h(31): warning C4311: 'conversão de tipo': truncamento de ponteiro de 'HMODULE' para 'DWORD'
c:\users\gray\documents\github\quantum-bot\quantum bot\engine.h(31): warning C4302: 'conversão de tipo': truncamento de 'HMODULE' para 'DWORD'
c:\users\gray\documents\github\quantum-bot\quantum bot\engine.h(31): warning C4312: 'conversão de tipo': conversão de 'DWORD' para 'float *' de tamanho maior
c:\users\gray\documents\github\quantum-bot\quantum bot\engine.h(35): warning C4311: 'conversão de tipo': truncamento de ponteiro de 'HMODULE' para 'DWORD'
c:\users\gray\documents\github\quantum-bot\quantum bot\engine.h(35): warning C4302: 'conversão de tipo': truncamento de 'HMODULE' para 'DWORD'
c:\users\gray\documents\github\quantum-bot\quantum bot\engine.h(35): warning C4312: 'conversão de tipo': conversão de 'DWORD' para 'DWORD *' de tamanho maior
c:\users\gray\documents\github\quantum-bot\quantum bot\engine.h(39): warning C4312: 'conversão de tipo': conversão de 'DWORD' para 'CObject *' de tamanho maior
c:\users\gray\documents\github\quantum-bot\quantum bot\dllmain.cpp(67): warning C4311: 'conversão de tipo': truncamento de ponteiro de 'HMODULE' para 'DWORD'
c:\users\gray\documents\github\quantum-bot\quantum bot\dllmain.cpp(67): warning C4302: 'conversão de tipo': truncamento de 'HMODULE' para 'DWORD'
c:\users\gray\documents\github\quantum-bot\quantum bot\dllmain.cpp(67): warning C4312: 'conversão de tipo': conversão de 'DWORD' para 'DWORD *' de tamanho maior
c:\users\gray\documents\github\quantum-bot\quantum bot\dllmain.cpp(69): warning C4311: 'conversão de tipo': truncamento de ponteiro de 'HMODULE' para 'DWORD'
c:\users\gray\documents\github\quantum-bot\quantum bot\dllmain.cpp(69): warning C4302: 'conversão de tipo': truncamento de 'HMODULE' para 'DWORD'
c:\users\gray\documents\github\quantum-bot\quantum bot\dllmain.cpp(69): warning C4312: 'conversão de tipo': conversão de 'DWORD' para 'DWORD *' de tamanho maior
c:\users\gray\documents\github\quantum-bot\quantum bot\dllmain.cpp(205): warning C4311: 'conversão de tipo': truncamento de ponteiro de 'HMODULE' para 'DWORD'
c:\users\gray\documents\github\quantum-bot\quantum bot\dllmain.cpp(205): warning C4302: 'conversão de tipo': truncamento de 'HMODULE' para 'DWORD'
c:\users\gray\documents\github\quantum-bot\quantum bot\dllmain.cpp(208): warning C4312: 'conversão de tipo': conversão de 'DWORD' para 'WORD *' de tamanho maior
c:\users\gray\documents\github\quantum-bot\quantum bot\dllmain.cpp(209): warning C4312: 'conversão de tipo': conversão de 'DWORD' para 'WORD *' de tamanho maior
c:\users\gray\documents\github\quantum-bot\quantum bot\dllmain.cpp(210): warning C4312: 'conversão de tipo': conversão de 'DWORD' para 'WORD *' de tamanho maior
c:\users\gray\documents\github\quantum-bot\quantum bot\dllmain.cpp(221): warning C4312: 'conversão de tipo': conversão de 'DWORD' para 'DWORD *' de tamanho maior
c:\users\gray\documents\github\quantum-bot\quantum bot\dllmain.cpp(234): warning C4311: 'conversão de tipo': truncamento de ponteiro de 'HMODULE' para 'DWORD'
c:\users\gray\documents\github\quantum-bot\quantum bot\dllmain.cpp(234): warning C4302: 'conversão de tipo': truncamento de 'HMODULE' para 'DWORD'
c:\users\gray\documents\github\quantum-bot\quantum bot\dllmain.cpp(234): warning C4312: 'conversão de tipo': conversão de 'DWORD' para 'CObjectManager *' de tamanho maior
c:\users\gray\documents\github\quantum-bot\quantum bot\dllmain.cpp(236): warning C4311: 'conversão de tipo': truncamento de ponteiro de 'HMODULE' para 'DWORD'
c:\users\gray\documents\github\quantum-bot\quantum bot\dllmain.cpp(236): warning C4302: 'conversão de tipo': truncamento de 'HMODULE' para 'DWORD'
c:\users\gray\documents\github\quantum-bot\quantum bot\dllmain.cpp(236): warning C4312: 'conversão de tipo': conversão de 'DWORD' para 'Typedefs::fnPrintChat' de tamanho maior
c:\users\gray\documents\github\quantum-bot\quantum bot\dllmain.cpp(237): warning C4311: 'conversão de tipo': truncamento de ponteiro de 'HMODULE' para 'DWORD'
c:\users\gray\documents\github\quantum-bot\quantum bot\dllmain.cpp(237): warning C4302: 'conversão de tipo': truncamento de 'HMODULE' para 'DWORD'
c:\users\gray\documents\github\quantum-bot\quantum bot\dllmain.cpp(237): warning C4312: 'conversão de tipo': conversão de 'DWORD' para 'Typedefs::fnIsTargetable' de tamanho maior
c:\users\gray\documents\github\quantum-bot\quantum bot\dllmain.cpp(238): warning C4311: 'conversão de tipo': truncamento de ponteiro de 'HMODULE' para 'DWORD'
c:\users\gray\documents\github\quantum-bot\quantum bot\dllmain.cpp(238): warning C4302: 'conversão de tipo': truncamento de 'HMODULE' para 'DWORD'
c:\users\gray\documents\github\quantum-bot\quantum bot\dllmain.cpp(238): warning C4312: 'conversão de tipo': conversão de 'DWORD' para 'Typedefs::fnIsAlive' de tamanho maior
c:\users\gray\documents\github\quantum-bot\quantum bot\dllmain.cpp(240): warning C4311: 'conversão de tipo': truncamento de ponteiro de 'HMODULE' para 'DWORD'
c:\users\gray\documents\github\quantum-bot\quantum bot\dllmain.cpp(240): warning C4302: 'conversão de tipo': truncamento de 'HMODULE' para 'DWORD'
c:\users\gray\documents\github\quantum-bot\quantum bot\dllmain.cpp(240): warning C4312: 'conversão de tipo': conversão de 'DWORD' para 'Typedefs::fnIsMinion' de tamanho maior
c:\users\gray\documents\github\quantum-bot\quantum bot\dllmain.cpp(241): warning C4311: 'conversão de tipo': truncamento de ponteiro de 'HMODULE' para 'DWORD'
c:\users\gray\documents\github\quantum-bot\quantum bot\dllmain.cpp(241): warning C4302: 'conversão de tipo': truncamento de 'HMODULE' para 'DWORD'
c:\users\gray\documents\github\quantum-bot\quantum bot\dllmain.cpp(241): warning C4312: 'conversão de tipo': conversão de 'DWORD' para 'Typedefs::fnIsTurret' de tamanho maior
c:\users\gray\documents\github\quantum-bot\quantum bot\dllmain.cpp(242): warning C4311: 'conversão de tipo': truncamento de ponteiro de 'HMODULE' para 'DWORD'
c:\users\gray\documents\github\quantum-bot\quantum bot\dllmain.cpp(242): warning C4302: 'conversão de tipo': truncamento de 'HMODULE' para 'DWORD'
c:\users\gray\documents\github\quantum-bot\quantum bot\dllmain.cpp(242): warning C4312: 'conversão de tipo': conversão de 'DWORD' para 'Typedefs::fnIsHero' de tamanho maior
c:\users\gray\documents\github\quantum-bot\quantum bot\dllmain.cpp(243): warning C4311: 'conversão de tipo': truncamento de ponteiro de 'HMODULE' para 'DWORD'
c:\users\gray\documents\github\quantum-bot\quantum bot\dllmain.cpp(243): warning C4302: 'conversão de tipo': truncamento de 'HMODULE' para 'DWORD'
c:\users\gray\documents\github\quantum-bot\quantum bot\dllmain.cpp(243): warning C4312: 'conversão de tipo': conversão de 'DWORD' para 'Typedefs::fnIsMissile' de tamanho maior
c:\users\gray\documents\github\quantum-bot\quantum bot\dllmain.cpp(244): warning C4311: 'conversão de tipo': truncamento de ponteiro de 'HMODULE' para 'DWORD'
c:\users\gray\documents\github\quantum-bot\quantum bot\dllmain.cpp(244): warning C4302: 'conversão de tipo': truncamento de 'HMODULE' para 'DWORD'
c:\users\gray\documents\github\quantum-bot\quantum bot\dllmain.cpp(244): warning C4312: 'conversão de tipo': conversão de 'DWORD' para 'Typedefs::fnIsNexus' de tamanho maior
c:\users\gray\documents\github\quantum-bot\quantum bot\dllmain.cpp(245): warning C4311: 'conversão de tipo': truncamento de ponteiro de 'HMODULE' para 'DWORD'
c:\users\gray\documents\github\quantum-bot\quantum bot\dllmain.cpp(245): warning C4302: 'conversão de tipo': truncamento de 'HMODULE' para 'DWORD'
c:\users\gray\documents\github\quantum-bot\quantum bot\dllmain.cpp(245): warning C4312: 'conversão de tipo': conversão de 'DWORD' para 'Typedefs::fnIsInhibitor' de tamanho maior
c:\users\gray\documents\github\quantum-bot\quantum bot\dllmain.cpp(246): warning C4311: 'conversão de tipo': truncamento de ponteiro de 'HMODULE' para 'DWORD'
c:\users\gray\documents\github\quantum-bot\quantum bot\dllmain.cpp(246): warning C4302: 'conversão de tipo': truncamento de 'HMODULE' para 'DWORD'
c:\users\gray\documents\github\quantum-bot\quantum bot\dllmain.cpp(246): warning C4312: 'conversão de tipo': conversão de 'DWORD' para 'Typedefs::fnIsTroyEnt' de tamanho maior
c:\users\gray\documents\github\quantum-bot\quantum bot\dllmain.cpp(249): warning C4311: 'conversão de tipo': truncamento de ponteiro de 'HMODULE' para 'DWORD'
c:\users\gray\documents\github\quantum-bot\quantum bot\dllmain.cpp(249): warning C4302: 'conversão de tipo': truncamento de 'HMODULE' para 'DWORD'
c:\users\gray\documents\github\quantum-bot\quantum bot\dllmain.cpp(249): warning C4312: 'conversão de tipo': conversão de 'DWORD' para 'Typedefs::fnIssueOrder' de tamanho maior
c:\users\gray\documents\github\quantum-bot\quantum bot\dllmain.cpp(250): warning C4311: 'conversão de tipo': truncamento de ponteiro de 'HMODULE' para 'DWORD'
c:\users\gray\documents\github\quantum-bot\quantum bot\dllmain.cpp(250): warning C4302: 'conversão de tipo': truncamento de 'HMODULE' para 'DWORD'
c:\users\gray\documents\github\quantum-bot\quantum bot\dllmain.cpp(250): warning C4312: 'conversão de tipo': conversão de 'DWORD' para 'Typedefs::fnDrawCircle' de tamanho maior
c:\users\gray\documents\github\quantum-bot\quantum bot\dllmain.cpp(252): warning C4311: 'conversão de tipo': truncamento de ponteiro de 'HMODULE' para 'DWORD'
c:\users\gray\documents\github\quantum-bot\quantum bot\dllmain.cpp(252): warning C4302: 'conversão de tipo': truncamento de 'HMODULE' para 'DWORD'
c:\users\gray\documents\github\quantum-bot\quantum bot\dllmain.cpp(252): warning C4312: 'conversão de tipo': conversão de 'DWORD' para 'Typedefs::fnGetAttackCastDelay' de tamanho maior
c:\users\gray\documents\github\quantum-bot\quantum bot\dllmain.cpp(253): warning C4311: 'conversão de tipo': truncamento de ponteiro de 'HMODULE' para 'DWORD'
c:\users\gray\documents\github\quantum-bot\quantum bot\dllmain.cpp(253): warning C4302: 'conversão de tipo': truncamento de 'HMODULE' para 'DWORD'
c:\users\gray\documents\github\quantum-bot\quantum bot\dllmain.cpp(253): warning C4312: 'conversão de tipo': conversão de 'DWORD' para 'Typedefs::fnGetAttackDelay' de tamanho maior
c:\users\gray\documents\github\quantum-bot\quantum bot\dllmain.cpp(255): warning C4312: 'conversão de tipo': conversão de 'DWORD' para 'PBYTE' de tamanho maior
c:\users\gray\documents\github\quantum-bot\quantum bot\utils.h(24): warning C4312: 'conversão de tipo': conversão de 'DWORD' para 'Function' de tamanho maior
          with
          [
              Function=OriginalFn
          ]
  c:\users\gray\documents\github\quantum-bot\quantum bot\cobject.h(81): note: consulte a referência à instanciação da função modelo 'Function CallVirtual<OriginalFn>(PVOID,DWORD)' que está sendo compilada
          with
          [
              Function=OriginalFn
          ]
dllmain.obj : error LNK2019: símbolo externo indefinido DetourFunction referenciado na função "void __cdecl Start(void)" (?Start@@YAXXZ)
detours.lib : warning LNK4272: o tipo de máquina da biblioteca 'x86' está em conflito com o tipo de máquina de destino 'x64'
C:\Users\gray\Documents\GitHub\quantum-bot\x64\Debug\Quantum Bot.dll : fatal error LNK1120: 1 externo não resolvidos
